Start testing: Feb 21 17:12 CET
----------------------------------------------------------
9/19 Testing: point_to_plane
9/19 Test: point_to_plane
Command: "/home/pascal/Coding/claude/icp/build/tests/test_icp" "point_to_plane"
Directory: /home/pascal/Coding/claude/icp/build/tests
"point_to_plane" start time: Feb 21 17:12 CET
Output:
----------------------------------------------------------
point_to_plane: PASS
<end of output>
Test time =   0.02 sec
----------------------------------------------------------
Test Passed.
"point_to_plane" end time: Feb 21 17:12 CET
"point_to_plane" time elapsed: 00:00:00
----------------------------------------------------------

10/19 Testing: plane_to_plane
10/19 Test: plane_to_plane
Command: "/home/pascal/Coding/claude/icp/build/tests/test_icp" "plane_to_plane"
Directory: /home/pascal/Coding/claude/icp/build/tests
"plane_to_plane" start time: Feb 21 17:12 CET
Output:
----------------------------------------------------------
plane_to_plane: PASS
<end of output>
Test time =   0.03 sec
----------------------------------------------------------
Test Passed.
"plane_to_plane" end time: Feb 21 17:12 CET
"plane_to_plane" time elapsed: 00:00:00
----------------------------------------------------------

11/19 Testing: point_to_plane_vs_point_to_point
11/19 Test: point_to_plane_vs_point_to_point
Command: "/home/pascal/Coding/claude/icp/build/tests/test_icp" "point_to_plane_vs_point_to_point"
Directory: /home/pascal/Coding/claude/icp/build/tests
"point_to_plane_vs_point_to_point" start time: Feb 21 17:12 CET
Output:
----------------------------------------------------------
point_to_plane_vs_point_to_point: PASS
<end of output>
Test time =   0.02 sec
----------------------------------------------------------
Test Passed.
"point_to_plane_vs_point_to_point" end time: Feb 21 17:12 CET
"point_to_plane_vs_point_to_point" time elapsed: 00:00:00
----------------------------------------------------------

End testing: Feb 21 17:12 CET

method =   0.07 sec*proc

